<?xml version="1.0" encoding="UTF-8"?>
<!-- Generated by org.testng.reporters.JUnitXMLReporter -->
<testsuite hostname="AJAY_WAGH" ignored="1" name="Default test" tests="2" failures="0" timestamp="2022-08-23T10:49:41 IST" time="0.1" errors="0">
  <testcase name="method2" time="0.019" classname="TestNGFlags.Flag2"/>
  <testcase name="method3" time="0.001" classname="TestNGFlags.Flag2"/>
  <testcase name="method1" time="0.0" classname="TestNGFlags.Flag2">
    <ignored/>
  </testcase> <!-- method1 -->
</testsuite> <!-- Default test -->
